<?xml version="1.0" encoding="UTF-8"?>
<!-- Generated by org.testng.reporters.JUnitReportReporter -->
<testsuite hostname="ASALAMA" failures="0" tests="3" name="tests.UserRegisterationPage" time="10.740" errors="0" timestamp="2021-06-27T02:14:18 EET" skipped="0">
  <testcase classname="tests.UserRegisterationPage" name="Registerusercanlogout" time="1.839"/>
  <system-out/>
  <testcase classname="tests.UserRegisterationPage" name="Registerusercanlogin" time="3.215"/>
  <system-out/>
  <testcase classname="tests.UserRegisterationPage" name="usercanregistersuccessfully" time="5.686"/>
  <system-out/>
</testsuite> <!-- tests.UserRegisterationPage -->
